<?xml version="1.0" encoding="UTF-8"?>
<testsuite xmlns:xsi="http://www.w3.org/2001/XMLSchema-instance" xsi:noNamespaceSchemaLocation="https://maven.apache.org/surefire/maven-surefire-plugin/xsd/surefire-test-report.xsd" name="hello.SmokeTest" time="0" tests="1" errors="0" skipped="0" failures="0">
  <properties>
    <property name="sun.desktop" value="windows"/>
    <property name="awt.toolkit" value="sun.awt.windows.WToolkit"/>
    <property name="java.specification.version" value="11"/>
    <property name="sun.cpu.isalist" value="amd64"/>
    <property name="sun.jnu.encoding" value="GBK"/>
    <property name="java.class.path" value="D:\study\workplace\springboot-blog\target\test-classes;D:\study\workplace\springboot-blog\target\classes;D:\study\Java\apache-maven-3.6.3\mave\org\springframework\boot\spring-boot-starter-web\2.0.5.RELEASE\spring-boot-starter-web-2.0.5.RELEASE.jar;D:\study\Java\apache-maven-3.6.3\mave\org\springframework\boot\spring-boot-starter\2.0.5.RELEASE\spring-boot-starter-2.0.5.RELEASE.jar;D:\study\Java\apache-maven-3.6.3\mave\org\springframework\boot\spring-boot\2.0.5.RELEASE\spring-boot-2.0.5.RELEASE.jar;D:\study\Java\apache-maven-3.6.3\mave\org\springframework\boot\spring-boot-autoconfigure\2.0.5.RELEASE\spring-boot-autoconfigure-2.0.5.RELEASE.jar;D:\study\Java\apache-maven-3.6.3\mave\org\springframework\boot\spring-boot-starter-logging\2.0.5.RELEASE\spring-boot-starter-logging-2.0.5.RELEASE.jar;D:\study\Java\apache-maven-3.6.3\mave\ch\qos\logback\logback-classic\1.2.3\logback-classic-1.2.3.jar;D:\study\Java\apache-maven-3.6.3\mave\ch\qos\logback\logback-core\1.2.3\logback-core-1.2.3.jar;D:\study\Java\apache-maven-3.6.3\mave\org\apache\logging\log4j\log4j-to-slf4j\2.10.0\log4j-to-slf4j-2.10.0.jar;D:\study\Java\apache-maven-3.6.3\mave\org\apache\logging\log4j\log4j-api\2.10.0\log4j-api-2.10.0.jar;D:\study\Java\apache-maven-3.6.3\mave\org\slf4j\jul-to-slf4j\1.7.25\jul-to-slf4j-1.7.25.jar;D:\study\Java\apache-maven-3.6.3\mave\javax\annotation\javax.annotation-api\1.3.2\javax.annotation-api-1.3.2.jar;D:\study\Java\apache-maven-3.6.3\mave\org\yaml\snakeyaml\1.19\snakeyaml-1.19.jar;D:\study\Java\apache-maven-3.6.3\mave\org\springframework\boot\spring-boot-starter-json\2.0.5.RELEASE\spring-boot-starter-json-2.0.5.RELEASE.jar;D:\study\Java\apache-maven-3.6.3\mave\com\fasterxml\jackson\core\jackson-databind\2.9.6\jackson-databind-2.9.6.jar;D:\study\Java\apache-maven-3.6.3\mave\com\fasterxml\jackson\core\jackson-annotations\2.9.0\jackson-annotations-2.9.0.jar;D:\study\Java\apache-maven-3.6.3\mave\com\fasterxml\jackson\core\jackson-core\2.9.6\jackson-core-2.9.6.jar;D:\study\Java\apache-maven-3.6.3\mave\com\fasterxml\jackson\datatype\jackson-datatype-jdk8\2.9.6\jackson-datatype-jdk8-2.9.6.jar;D:\study\Java\apache-maven-3.6.3\mave\com\fasterxml\jackson\datatype\jackson-datatype-jsr310\2.9.6\jackson-datatype-jsr310-2.9.6.jar;D:\study\Java\apache-maven-3.6.3\mave\com\fasterxml\jackson\module\jackson-module-parameter-names\2.9.6\jackson-module-parameter-names-2.9.6.jar;D:\study\Java\apache-maven-3.6.3\mave\org\springframework\boot\spring-boot-starter-tomcat\2.0.5.RELEASE\spring-boot-starter-tomcat-2.0.5.RELEASE.jar;D:\study\Java\apache-maven-3.6.3\mave\org\apache\tomcat\embed\tomcat-embed-core\8.5.34\tomcat-embed-core-8.5.34.jar;D:\study\Java\apache-maven-3.6.3\mave\org\apache\tomcat\embed\tomcat-embed-el\8.5.34\tomcat-embed-el-8.5.34.jar;D:\study\Java\apache-maven-3.6.3\mave\org\apache\tomcat\embed\tomcat-embed-websocket\8.5.34\tomcat-embed-websocket-8.5.34.jar;D:\study\Java\apache-maven-3.6.3\mave\org\hibernate\validator\hibernate-validator\6.0.12.Final\hibernate-validator-6.0.12.Final.jar;D:\study\Java\apache-maven-3.6.3\mave\javax\validation\validation-api\2.0.1.Final\validation-api-2.0.1.Final.jar;D:\study\Java\apache-maven-3.6.3\mave\org\jboss\logging\jboss-logging\3.3.2.Final\jboss-logging-3.3.2.Final.jar;D:\study\Java\apache-maven-3.6.3\mave\com\fasterxml\classmate\1.3.4\classmate-1.3.4.jar;D:\study\Java\apache-maven-3.6.3\mave\org\springframework\spring-web\5.0.9.RELEASE\spring-web-5.0.9.RELEASE.jar;D:\study\Java\apache-maven-3.6.3\mave\org\springframework\spring-beans\5.0.9.RELEASE\spring-beans-5.0.9.RELEASE.jar;D:\study\Java\apache-maven-3.6.3\mave\org\springframework\spring-webmvc\5.0.9.RELEASE\spring-webmvc-5.0.9.RELEASE.jar;D:\study\Java\apache-maven-3.6.3\mave\org\springframework\spring-context\5.0.9.RELEASE\spring-context-5.0.9.RELEASE.jar;D:\study\Java\apache-maven-3.6.3\mave\org\springframework\spring-expression\5.0.9.RELEASE\spring-expression-5.0.9.RELEASE.jar;D:\study\Java\apache-maven-3.6.3\mave\javax\inject\javax.inject\1\javax.inject-1.jar;D:\study\Java\apache-maven-3.6.3\mave\org\mybatis\spring\boot\mybatis-spring-boot-starter\2.0.1\mybatis-spring-boot-starter-2.0.1.jar;D:\study\Java\apache-maven-3.6.3\mave\org\springframework\boot\spring-boot-starter-jdbc\2.0.5.RELEASE\spring-boot-starter-jdbc-2.0.5.RELEASE.jar;D:\study\Java\apache-maven-3.6.3\mave\com\zaxxer\HikariCP\2.7.9\HikariCP-2.7.9.jar;D:\study\Java\apache-maven-3.6.3\mave\org\springframework\spring-jdbc\5.0.9.RELEASE\spring-jdbc-5.0.9.RELEASE.jar;D:\study\Java\apache-maven-3.6.3\mave\org\springframework\spring-tx\5.0.9.RELEASE\spring-tx-5.0.9.RELEASE.jar;D:\study\Java\apache-maven-3.6.3\mave\org\mybatis\spring\boot\mybatis-spring-boot-autoconfigure\2.0.1\mybatis-spring-boot-autoconfigure-2.0.1.jar;D:\study\Java\apache-maven-3.6.3\mave\org\mybatis\mybatis\3.5.1\mybatis-3.5.1.jar;D:\study\Java\apache-maven-3.6.3\mave\org\mybatis\mybatis-spring\2.0.1\mybatis-spring-2.0.1.jar;D:\study\Java\apache-maven-3.6.3\mave\mysql\mysql-connector-java\8.0.15\mysql-connector-java-8.0.15.jar;D:\study\Java\apache-maven-3.6.3\mave\com\google\protobuf\protobuf-java\3.6.1\protobuf-java-3.6.1.jar;D:\study\Java\apache-maven-3.6.3\mave\org\springframework\boot\spring-boot-starter-security\2.0.5.RELEASE\spring-boot-starter-security-2.0.5.RELEASE.jar;D:\study\Java\apache-maven-3.6.3\mave\org\springframework\spring-aop\5.0.9.RELEASE\spring-aop-5.0.9.RELEASE.jar;D:\study\Java\apache-maven-3.6.3\mave\org\springframework\security\spring-security-config\5.0.8.RELEASE\spring-security-config-5.0.8.RELEASE.jar;D:\study\Java\apache-maven-3.6.3\mave\org\springframework\security\spring-security-core\5.0.8.RELEASE\spring-security-core-5.0.8.RELEASE.jar;D:\study\Java\apache-maven-3.6.3\mave\org\springframework\security\spring-security-web\5.0.8.RELEASE\spring-security-web-5.0.8.RELEASE.jar;D:\study\Java\apache-maven-3.6.3\mave\org\springframework\boot\spring-boot-starter-test\2.0.5.RELEASE\spring-boot-starter-test-2.0.5.RELEASE.jar;D:\study\Java\apache-maven-3.6.3\mave\org\springframework\boot\spring-boot-test\2.0.5.RELEASE\spring-boot-test-2.0.5.RELEASE.jar;D:\study\Java\apache-maven-3.6.3\mave\org\springframework\boot\spring-boot-test-autoconfigure\2.0.5.RELEASE\spring-boot-test-autoconfigure-2.0.5.RELEASE.jar;D:\study\Java\apache-maven-3.6.3\mave\com\jayway\jsonpath\json-path\2.4.0\json-path-2.4.0.jar;D:\study\Java\apache-maven-3.6.3\mave\net\minidev\json-smart\2.3\json-smart-2.3.jar;D:\study\Java\apache-maven-3.6.3\mave\net\minidev\accessors-smart\1.2\accessors-smart-1.2.jar;D:\study\Java\apache-maven-3.6.3\mave\org\ow2\asm\asm\5.0.4\asm-5.0.4.jar;D:\study\Java\apache-maven-3.6.3\mave\org\slf4j\slf4j-api\1.7.25\slf4j-api-1.7.25.jar;D:\study\Java\apache-maven-3.6.3\mave\junit\junit\4.12\junit-4.12.jar;D:\study\Java\apache-maven-3.6.3\mave\org\assertj\assertj-core\3.9.1\assertj-core-3.9.1.jar;D:\study\Java\apache-maven-3.6.3\mave\org\mockito\mockito-core\2.15.0\mockito-core-2.15.0.jar;D:\study\Java\apache-maven-3.6.3\mave\net\bytebuddy\byte-buddy-agent\1.7.11\byte-buddy-agent-1.7.11.jar;D:\study\Java\apache-maven-3.6.3\mave\org\objenesis\objenesis\2.6\objenesis-2.6.jar;D:\study\Java\apache-maven-3.6.3\mave\org\hamcrest\hamcrest-core\1.3\hamcrest-core-1.3.jar;D:\study\Java\apache-maven-3.6.3\mave\org\hamcrest\hamcrest-library\1.3\hamcrest-library-1.3.jar;D:\study\Java\apache-maven-3.6.3\mave\org\skyscreamer\jsonassert\1.5.0\jsonassert-1.5.0.jar;D:\study\Java\apache-maven-3.6.3\mave\com\vaadin\external\google\android-json\0.0.20131108.vaadin1\android-json-0.0.20131108.vaadin1.jar;D:\study\Java\apache-maven-3.6.3\mave\org\springframework\spring-core\5.0.9.RELEASE\spring-core-5.0.9.RELEASE.jar;D:\study\Java\apache-maven-3.6.3\mave\org\springframework\spring-jcl\5.0.9.RELEASE\spring-jcl-5.0.9.RELEASE.jar;D:\study\Java\apache-maven-3.6.3\mave\org\springframework\spring-test\5.0.9.RELEASE\spring-test-5.0.9.RELEASE.jar;D:\study\Java\apache-maven-3.6.3\mave\org\xmlunit\xmlunit-core\2.5.1\xmlunit-core-2.5.1.jar;D:\study\Java\apache-maven-3.6.3\mave\org\junit\jupiter\junit-jupiter-api\5.4.2\junit-jupiter-api-5.4.2.jar;D:\study\Java\apache-maven-3.6.3\mave\org\apiguardian\apiguardian-api\1.0.0\apiguardian-api-1.0.0.jar;D:\study\Java\apache-maven-3.6.3\mave\org\opentest4j\opentest4j\1.1.1\opentest4j-1.1.1.jar;D:\study\Java\apache-maven-3.6.3\mave\org\junit\platform\junit-platform-commons\1.4.2\junit-platform-commons-1.4.2.jar;D:\study\Java\apache-maven-3.6.3\mave\org\junit\jupiter\junit-jupiter-engine\5.4.2\junit-jupiter-engine-5.4.2.jar;D:\study\Java\apache-maven-3.6.3\mave\org\junit\platform\junit-platform-engine\1.4.2\junit-platform-engine-1.4.2.jar;D:\study\Java\apache-maven-3.6.3\mave\org\mockito\mockito-junit-jupiter\2.23.4\mockito-junit-jupiter-2.23.4.jar;D:\study\Java\apache-maven-3.6.3\mave\net\bytebuddy\byte-buddy\1.9.12\byte-buddy-1.9.12.jar;D:\study\Java\apache-maven-3.6.3\mave\org\apache\commons\commons-lang3\3.9\commons-lang3-3.9.jar;D:\study\Java\apache-maven-3.6.3\mave\org\apache\httpcomponents\httpclient\4.5.7\httpclient-4.5.7.jar;D:\study\Java\apache-maven-3.6.3\mave\org\apache\httpcomponents\httpcore\4.4.10\httpcore-4.4.10.jar;D:\study\Java\apache-maven-3.6.3\mave\commons-codec\commons-codec\1.11\commons-codec-1.11.jar;"/>
    <property name="java.vm.vendor" value="Oracle Corporation"/>
    <property name="sun.arch.data.model" value="64"/>
    <property name="user.variant" value=""/>
    <property name="java.vendor.url" value="http://java.oracle.com/"/>
    <property name="user.timezone" value="Asia/Shanghai"/>
    <property name="java.vm.specification.version" value="11"/>
    <property name="os.name" value="Windows 10"/>
    <property name="sun.java.launcher" value="SUN_STANDARD"/>
    <property name="user.country" value="CN"/>
    <property name="sun.boot.library.path" value="D:\study\Java\jdk11\bin"/>
    <property name="sun.java.command" value="C:\Users\MyPC\AppData\Local\Temp\surefire7393313372562692283\surefirebooter14469859660194890305.jar C:\Users\MyPC\AppData\Local\Temp\surefire7393313372562692283 2020-08-01T13-10-07_403-jvmRun1 surefire9178573752136008085tmp surefire_03538283543197233045tmp"/>
    <property name="jdk.debug" value="release"/>
    <property name="surefire.test.class.path" value="D:\study\workplace\springboot-blog\target\test-classes;D:\study\workplace\springboot-blog\target\classes;D:\study\Java\apache-maven-3.6.3\mave\org\springframework\boot\spring-boot-starter-web\2.0.5.RELEASE\spring-boot-starter-web-2.0.5.RELEASE.jar;D:\study\Java\apache-maven-3.6.3\mave\org\springframework\boot\spring-boot-starter\2.0.5.RELEASE\spring-boot-starter-2.0.5.RELEASE.jar;D:\study\Java\apache-maven-3.6.3\mave\org\springframework\boot\spring-boot\2.0.5.RELEASE\spring-boot-2.0.5.RELEASE.jar;D:\study\Java\apache-maven-3.6.3\mave\org\springframework\boot\spring-boot-autoconfigure\2.0.5.RELEASE\spring-boot-autoconfigure-2.0.5.RELEASE.jar;D:\study\Java\apache-maven-3.6.3\mave\org\springframework\boot\spring-boot-starter-logging\2.0.5.RELEASE\spring-boot-starter-logging-2.0.5.RELEASE.jar;D:\study\Java\apache-maven-3.6.3\mave\ch\qos\logback\logback-classic\1.2.3\logback-classic-1.2.3.jar;D:\study\Java\apache-maven-3.6.3\mave\ch\qos\logback\logback-core\1.2.3\logback-core-1.2.3.jar;D:\study\Java\apache-maven-3.6.3\mave\org\apache\logging\log4j\log4j-to-slf4j\2.10.0\log4j-to-slf4j-2.10.0.jar;D:\study\Java\apache-maven-3.6.3\mave\org\apache\logging\log4j\log4j-api\2.10.0\log4j-api-2.10.0.jar;D:\study\Java\apache-maven-3.6.3\mave\org\slf4j\jul-to-slf4j\1.7.25\jul-to-slf4j-1.7.25.jar;D:\study\Java\apache-maven-3.6.3\mave\javax\annotation\javax.annotation-api\1.3.2\javax.annotation-api-1.3.2.jar;D:\study\Java\apache-maven-3.6.3\mave\org\yaml\snakeyaml\1.19\snakeyaml-1.19.jar;D:\study\Java\apache-maven-3.6.3\mave\org\springframework\boot\spring-boot-starter-json\2.0.5.RELEASE\spring-boot-starter-json-2.0.5.RELEASE.jar;D:\study\Java\apache-maven-3.6.3\mave\com\fasterxml\jackson\core\jackson-databind\2.9.6\jackson-databind-2.9.6.jar;D:\study\Java\apache-maven-3.6.3\mave\com\fasterxml\jackson\core\jackson-annotations\2.9.0\jackson-annotations-2.9.0.jar;D:\study\Java\apache-maven-3.6.3\mave\com\fasterxml\jackson\core\jackson-core\2.9.6\jackson-core-2.9.6.jar;D:\study\Java\apache-maven-3.6.3\mave\com\fasterxml\jackson\datatype\jackson-datatype-jdk8\2.9.6\jackson-datatype-jdk8-2.9.6.jar;D:\study\Java\apache-maven-3.6.3\mave\com\fasterxml\jackson\datatype\jackson-datatype-jsr310\2.9.6\jackson-datatype-jsr310-2.9.6.jar;D:\study\Java\apache-maven-3.6.3\mave\com\fasterxml\jackson\module\jackson-module-parameter-names\2.9.6\jackson-module-parameter-names-2.9.6.jar;D:\study\Java\apache-maven-3.6.3\mave\org\springframework\boot\spring-boot-starter-tomcat\2.0.5.RELEASE\spring-boot-starter-tomcat-2.0.5.RELEASE.jar;D:\study\Java\apache-maven-3.6.3\mave\org\apache\tomcat\embed\tomcat-embed-core\8.5.34\tomcat-embed-core-8.5.34.jar;D:\study\Java\apache-maven-3.6.3\mave\org\apache\tomcat\embed\tomcat-embed-el\8.5.34\tomcat-embed-el-8.5.34.jar;D:\study\Java\apache-maven-3.6.3\mave\org\apache\tomcat\embed\tomcat-embed-websocket\8.5.34\tomcat-embed-websocket-8.5.34.jar;D:\study\Java\apache-maven-3.6.3\mave\org\hibernate\validator\hibernate-validator\6.0.12.Final\hibernate-validator-6.0.12.Final.jar;D:\study\Java\apache-maven-3.6.3\mave\javax\validation\validation-api\2.0.1.Final\validation-api-2.0.1.Final.jar;D:\study\Java\apache-maven-3.6.3\mave\org\jboss\logging\jboss-logging\3.3.2.Final\jboss-logging-3.3.2.Final.jar;D:\study\Java\apache-maven-3.6.3\mave\com\fasterxml\classmate\1.3.4\classmate-1.3.4.jar;D:\study\Java\apache-maven-3.6.3\mave\org\springframework\spring-web\5.0.9.RELEASE\spring-web-5.0.9.RELEASE.jar;D:\study\Java\apache-maven-3.6.3\mave\org\springframework\spring-beans\5.0.9.RELEASE\spring-beans-5.0.9.RELEASE.jar;D:\study\Java\apache-maven-3.6.3\mave\org\springframework\spring-webmvc\5.0.9.RELEASE\spring-webmvc-5.0.9.RELEASE.jar;D:\study\Java\apache-maven-3.6.3\mave\org\springframework\spring-context\5.0.9.RELEASE\spring-context-5.0.9.RELEASE.jar;D:\study\Java\apache-maven-3.6.3\mave\org\springframework\spring-expression\5.0.9.RELEASE\spring-expression-5.0.9.RELEASE.jar;D:\study\Java\apache-maven-3.6.3\mave\javax\inject\javax.inject\1\javax.inject-1.jar;D:\study\Java\apache-maven-3.6.3\mave\org\mybatis\spring\boot\mybatis-spring-boot-starter\2.0.1\mybatis-spring-boot-starter-2.0.1.jar;D:\study\Java\apache-maven-3.6.3\mave\org\springframework\boot\spring-boot-starter-jdbc\2.0.5.RELEASE\spring-boot-starter-jdbc-2.0.5.RELEASE.jar;D:\study\Java\apache-maven-3.6.3\mave\com\zaxxer\HikariCP\2.7.9\HikariCP-2.7.9.jar;D:\study\Java\apache-maven-3.6.3\mave\org\springframework\spring-jdbc\5.0.9.RELEASE\spring-jdbc-5.0.9.RELEASE.jar;D:\study\Java\apache-maven-3.6.3\mave\org\springframework\spring-tx\5.0.9.RELEASE\spring-tx-5.0.9.RELEASE.jar;D:\study\Java\apache-maven-3.6.3\mave\org\mybatis\spring\boot\mybatis-spring-boot-autoconfigure\2.0.1\mybatis-spring-boot-autoconfigure-2.0.1.jar;D:\study\Java\apache-maven-3.6.3\mave\org\mybatis\mybatis\3.5.1\mybatis-3.5.1.jar;D:\study\Java\apache-maven-3.6.3\mave\org\mybatis\mybatis-spring\2.0.1\mybatis-spring-2.0.1.jar;D:\study\Java\apache-maven-3.6.3\mave\mysql\mysql-connector-java\8.0.15\mysql-connector-java-8.0.15.jar;D:\study\Java\apache-maven-3.6.3\mave\com\google\protobuf\protobuf-java\3.6.1\protobuf-java-3.6.1.jar;D:\study\Java\apache-maven-3.6.3\mave\org\springframework\boot\spring-boot-starter-security\2.0.5.RELEASE\spring-boot-starter-security-2.0.5.RELEASE.jar;D:\study\Java\apache-maven-3.6.3\mave\org\springframework\spring-aop\5.0.9.RELEASE\spring-aop-5.0.9.RELEASE.jar;D:\study\Java\apache-maven-3.6.3\mave\org\springframework\security\spring-security-config\5.0.8.RELEASE\spring-security-config-5.0.8.RELEASE.jar;D:\study\Java\apache-maven-3.6.3\mave\org\springframework\security\spring-security-core\5.0.8.RELEASE\spring-security-core-5.0.8.RELEASE.jar;D:\study\Java\apache-maven-3.6.3\mave\org\springframework\security\spring-security-web\5.0.8.RELEASE\spring-security-web-5.0.8.RELEASE.jar;D:\study\Java\apache-maven-3.6.3\mave\org\springframework\boot\spring-boot-starter-test\2.0.5.RELEASE\spring-boot-starter-test-2.0.5.RELEASE.jar;D:\study\Java\apache-maven-3.6.3\mave\org\springframework\boot\spring-boot-test\2.0.5.RELEASE\spring-boot-test-2.0.5.RELEASE.jar;D:\study\Java\apache-maven-3.6.3\mave\org\springframework\boot\spring-boot-test-autoconfigure\2.0.5.RELEASE\spring-boot-test-autoconfigure-2.0.5.RELEASE.jar;D:\study\Java\apache-maven-3.6.3\mave\com\jayway\jsonpath\json-path\2.4.0\json-path-2.4.0.jar;D:\study\Java\apache-maven-3.6.3\mave\net\minidev\json-smart\2.3\json-smart-2.3.jar;D:\study\Java\apache-maven-3.6.3\mave\net\minidev\accessors-smart\1.2\accessors-smart-1.2.jar;D:\study\Java\apache-maven-3.6.3\mave\org\ow2\asm\asm\5.0.4\asm-5.0.4.jar;D:\study\Java\apache-maven-3.6.3\mave\org\slf4j\slf4j-api\1.7.25\slf4j-api-1.7.25.jar;D:\study\Java\apache-maven-3.6.3\mave\junit\junit\4.12\junit-4.12.jar;D:\study\Java\apache-maven-3.6.3\mave\org\assertj\assertj-core\3.9.1\assertj-core-3.9.1.jar;D:\study\Java\apache-maven-3.6.3\mave\org\mockito\mockito-core\2.15.0\mockito-core-2.15.0.jar;D:\study\Java\apache-maven-3.6.3\mave\net\bytebuddy\byte-buddy-agent\1.7.11\byte-buddy-agent-1.7.11.jar;D:\study\Java\apache-maven-3.6.3\mave\org\objenesis\objenesis\2.6\objenesis-2.6.jar;D:\study\Java\apache-maven-3.6.3\mave\org\hamcrest\hamcrest-core\1.3\hamcrest-core-1.3.jar;D:\study\Java\apache-maven-3.6.3\mave\org\hamcrest\hamcrest-library\1.3\hamcrest-library-1.3.jar;D:\study\Java\apache-maven-3.6.3\mave\org\skyscreamer\jsonassert\1.5.0\jsonassert-1.5.0.jar;D:\study\Java\apache-maven-3.6.3\mave\com\vaadin\external\google\android-json\0.0.20131108.vaadin1\android-json-0.0.20131108.vaadin1.jar;D:\study\Java\apache-maven-3.6.3\mave\org\springframework\spring-core\5.0.9.RELEASE\spring-core-5.0.9.RELEASE.jar;D:\study\Java\apache-maven-3.6.3\mave\org\springframework\spring-jcl\5.0.9.RELEASE\spring-jcl-5.0.9.RELEASE.jar;D:\study\Java\apache-maven-3.6.3\mave\org\springframework\spring-test\5.0.9.RELEASE\spring-test-5.0.9.RELEASE.jar;D:\study\Java\apache-maven-3.6.3\mave\org\xmlunit\xmlunit-core\2.5.1\xmlunit-core-2.5.1.jar;D:\study\Java\apache-maven-3.6.3\mave\org\junit\jupiter\junit-jupiter-api\5.4.2\junit-jupiter-api-5.4.2.jar;D:\study\Java\apache-maven-3.6.3\mave\org\apiguardian\apiguardian-api\1.0.0\apiguardian-api-1.0.0.jar;D:\study\Java\apache-maven-3.6.3\mave\org\opentest4j\opentest4j\1.1.1\opentest4j-1.1.1.jar;D:\study\Java\apache-maven-3.6.3\mave\org\junit\platform\junit-platform-commons\1.4.2\junit-platform-commons-1.4.2.jar;D:\study\Java\apache-maven-3.6.3\mave\org\junit\jupiter\junit-jupiter-engine\5.4.2\junit-jupiter-engine-5.4.2.jar;D:\study\Java\apache-maven-3.6.3\mave\org\junit\platform\junit-platform-engine\1.4.2\junit-platform-engine-1.4.2.jar;D:\study\Java\apache-maven-3.6.3\mave\org\mockito\mockito-junit-jupiter\2.23.4\mockito-junit-jupiter-2.23.4.jar;D:\study\Java\apache-maven-3.6.3\mave\net\bytebuddy\byte-buddy\1.9.12\byte-buddy-1.9.12.jar;D:\study\Java\apache-maven-3.6.3\mave\org\apache\commons\commons-lang3\3.9\commons-lang3-3.9.jar;D:\study\Java\apache-maven-3.6.3\mave\org\apache\httpcomponents\httpclient\4.5.7\httpclient-4.5.7.jar;D:\study\Java\apache-maven-3.6.3\mave\org\apache\httpcomponents\httpcore\4.4.10\httpcore-4.4.10.jar;D:\study\Java\apache-maven-3.6.3\mave\commons-codec\commons-codec\1.11\commons-codec-1.11.jar;"/>
    <property name="sun.cpu.endian" value="little"/>
    <property name="user.home" value="C:\Users\MyPC"/>
    <property name="user.language" value="zh"/>
    <property name="java.specification.vendor" value="Oracle Corporation"/>
    <property name="java.version.date" value="2018-09-25"/>
    <property name="java.home" value="D:\study\Java\jdk11"/>
    <property name="file.separator" value="\"/>
    <property name="basedir" value="D:\study\workplace\springboot-blog"/>
    <property name="java.vm.compressedOopsMode" value="32-bit"/>
    <property name="line.separator" value="&#10;"/>
    <property name="java.specification.name" value="Java Platform API Specification"/>
    <property name="java.vm.specification.vendor" value="Oracle Corporation"/>
    <property name="java.awt.graphicsenv" value="sun.awt.Win32GraphicsEnvironment"/>
    <property name="idea.version2020.1.1" value="true"/>
    <property name="surefire.real.class.path" value="C:\Users\MyPC\AppData\Local\Temp\surefire7393313372562692283\surefirebooter14469859660194890305.jar"/>
    <property name="user.script" value=""/>
    <property name="sun.management.compiler" value="HotSpot 64-Bit Tiered Compilers"/>
    <property name="java.runtime.version" value="11+28"/>
    <property name="user.name" value="MyPC"/>
    <property name="path.separator" value=";"/>
    <property name="os.version" value="10.0"/>
    <property name="java.runtime.name" value="Java(TM) SE Runtime Environment"/>
    <property name="file.encoding" value="GBK"/>
    <property name="java.vm.name" value="Java HotSpot(TM) 64-Bit Server VM"/>
    <property name="java.vendor.version" value="18.9"/>
    <property name="localRepository" value="D:\study\Java\apache-maven-3.6.3\mave"/>
    <property name="java.vendor.url.bug" value="http://bugreport.java.com/bugreport/"/>
    <property name="java.io.tmpdir" value="C:\Users\MyPC\AppData\Local\Temp\"/>
    <property name="java.version" value="11"/>
    <property name="user.dir" value="D:\study\workplace\springboot-blog"/>
    <property name="os.arch" value="amd64"/>
    <property name="java.vm.specification.name" value="Java Virtual Machine Specification"/>
    <property name="java.awt.printerjob" value="sun.awt.windows.WPrinterJob"/>
    <property name="sun.os.patch.level" value=""/>
    <property name="java.library.path" value="D:\study\Java\jdk11\bin;C:\windows\Sun\Java\bin;C:\windows\system32;C:\windows;C:\Program Files (x86)\NVIDIA Corporation\PhysX\Common;D:\study\Java\jdk11\bin;C:\windows\system32;C:\windows;C:\windows\System32\Wbem;C:\windows\System32\WindowsPowerShell\v1.0\;C:\windows\System32\OpenSSH\;D:\study\Git\bin;D:\study\cmder;D:\study\Microsoft VS Code;D:\study\Java\apache-maven-3.6.3\bin;;C:\Program Files\Docker\Docker\resources\bin;C:\ProgramData\DockerDesktop\version-bin;C:\Users\MyPC\AppData\Local\Microsoft\WindowsApps;;D:\study\IntelliJ IDEA 2020.1.1\bin;;C:\Users\MyPC\AppData\Local\Programs\Microsoft VS Code\bin;."/>
    <property name="java.vendor" value="Oracle Corporation"/>
    <property name="java.vm.info" value="mixed mode"/>
    <property name="java.vm.version" value="11+28"/>
    <property name="sun.io.unicode.encoding" value="UnicodeLittle"/>
    <property name="maven.repo.local" value="D:\study\Java\apache-maven-3.6.3\mave"/>
    <property name="java.class.version" value="55.0"/>
  </properties>
  <testcase name="test" classname="hello.SmokeTest" time="0"/>
</testsuite>